\BOOKMARK [1][-]{section.1}{\376\377\0001\000\040\000I\000n\000d\000i\000c\000e\000\040\000d\000e\000l\000l\000e\000\040\000s\000t\000r\000u\000t\000t\000u\000r\000e\000\040\000d\000a\000t\000i}{}% 1
\BOOKMARK [2][-]{subsection.1.1}{\376\377\0001\000.\0001\000\040\000S\000t\000r\000u\000t\000t\000u\000r\000e\000\040\000d\000a\000t\000i}{section.1}% 2
\BOOKMARK [1][-]{section.2}{\376\377\0002\000\040\000I\000n\000d\000i\000c\000e\000\040\000d\000e\000i\000\040\000f\000i\000l\000e}{}% 3
\BOOKMARK [2][-]{subsection.2.1}{\376\377\0002\000.\0001\000\040\000E\000l\000e\000n\000c\000o\000\040\000d\000e\000i\000\040\000f\000i\000l\000e}{section.2}% 4
\BOOKMARK [1][-]{section.3}{\376\377\0003\000\040\000D\000o\000c\000u\000m\000e\000n\000t\000a\000z\000i\000o\000n\000e\000\040\000d\000e\000l\000l\000e\000\040\000c\000l\000a\000s\000s\000i}{}% 5
\BOOKMARK [2][-]{subsection.3.1}{\376\377\0003\000.\0001\000\040\000R\000i\000f\000e\000r\000i\000m\000e\000n\000t\000i\000\040\000p\000e\000r\000\040\000l\000a\000\040\000s\000t\000r\000u\000c\000t\000\040\000\137\000c\000o\000n\000f}{section.3}% 6
\BOOKMARK [2][-]{subsection.3.2}{\376\377\0003\000.\0002\000\040\000R\000i\000f\000e\000r\000i\000m\000e\000n\000t\000i\000\040\000p\000e\000r\000\040\000l\000a\000\040\000s\000t\000r\000u\000c\000t\000\040\000\137\000g\000r\000o\000u\000p}{section.3}% 7
\BOOKMARK [2][-]{subsection.3.3}{\376\377\0003\000.\0003\000\040\000R\000i\000f\000e\000r\000i\000m\000e\000n\000t\000i\000\040\000p\000e\000r\000\040\000l\000a\000\040\000s\000t\000r\000u\000c\000t\000\040\000\137\000h\000i\000s\000t\000o\000r\000y}{section.3}% 8
\BOOKMARK [3][-]{subsubsection.3.3.1}{\376\377\0003\000.\0003\000.\0001\000\040\000D\000e\000s\000c\000r\000i\000z\000i\000o\000n\000e\000\040\000d\000e\000t\000t\000a\000g\000l\000i\000a\000t\000a}{subsection.3.3}% 9
\BOOKMARK [2][-]{subsection.3.4}{\376\377\0003\000.\0004\000\040\000R\000i\000f\000e\000r\000i\000m\000e\000n\000t\000i\000\040\000p\000e\000r\000\040\000l\000a\000\040\000s\000t\000r\000u\000c\000t\000\040\000\137\000j\000o\000b}{section.3}% 10
\BOOKMARK [3][-]{subsubsection.3.4.1}{\376\377\0003\000.\0004\000.\0001\000\040\000D\000e\000s\000c\000r\000i\000z\000i\000o\000n\000e\000\040\000d\000e\000t\000t\000a\000g\000l\000i\000a\000t\000a}{subsection.3.4}% 11
\BOOKMARK [2][-]{subsection.3.5}{\376\377\0003\000.\0005\000\040\000R\000i\000f\000e\000r\000i\000m\000e\000n\000t\000i\000\040\000p\000e\000r\000\040\000l\000a\000\040\000s\000t\000r\000u\000c\000t\000\040\000\137\000t\000\137\000p\000o\000o\000l}{section.3}% 12
\BOOKMARK [2][-]{subsection.3.6}{\376\377\0003\000.\0006\000\040\000R\000i\000f\000e\000r\000i\000m\000e\000n\000t\000i\000\040\000p\000e\000r\000\040\000l\000a\000\040\000s\000t\000r\000u\000c\000t\000\040\000\137\000t\000a\000s\000k}{section.3}% 13
\BOOKMARK [2][-]{subsection.3.7}{\376\377\0003\000.\0007\000\040\000R\000i\000f\000e\000r\000i\000m\000e\000n\000t\000i\000\040\000p\000e\000r\000\040\000l\000a\000\040\000s\000t\000r\000u\000c\000t\000\040\000\137\000t\000a\000s\000k\000\137\000m\000a\000n\000a\000g\000e\000r}{section.3}% 14
\BOOKMARK [3][-]{subsubsection.3.7.1}{\376\377\0003\000.\0007\000.\0001\000\040\000D\000e\000s\000c\000r\000i\000z\000i\000o\000n\000e\000\040\000d\000e\000t\000t\000a\000g\000l\000i\000a\000t\000a}{subsection.3.7}% 15
\BOOKMARK [2][-]{subsection.3.8}{\376\377\0003\000.\0008\000\040\000R\000i\000f\000e\000r\000i\000m\000e\000n\000t\000i\000\040\000p\000e\000r\000\040\000l\000a\000\040\000s\000t\000r\000u\000c\000t\000\040\000\137\000u\000s\000e\000r}{section.3}% 16
\BOOKMARK [3][-]{subsubsection.3.8.1}{\376\377\0003\000.\0008\000.\0001\000\040\000D\000e\000s\000c\000r\000i\000z\000i\000o\000n\000e\000\040\000d\000e\000t\000t\000a\000g\000l\000i\000a\000t\000a}{subsection.3.8}% 17
\BOOKMARK [2][-]{subsection.3.9}{\376\377\0003\000.\0009\000\040\000R\000i\000f\000e\000r\000i\000m\000e\000n\000t\000i\000\040\000p\000e\000r\000\040\000l\000a\000\040\000s\000t\000r\000u\000c\000t\000\040\000\137\000u\000s\000e\000r\000\137\000g\000r\000o\000u\000p}{section.3}% 18
\BOOKMARK [3][-]{subsubsection.3.9.1}{\376\377\0003\000.\0009\000.\0001\000\040\000D\000e\000s\000c\000r\000i\000z\000i\000o\000n\000e\000\040\000d\000e\000t\000t\000a\000g\000l\000i\000a\000t\000a}{subsection.3.9}% 19
\BOOKMARK [2][-]{subsection.3.10}{\376\377\0003\000.\0001\0000\000\040\000R\000i\000f\000e\000r\000i\000m\000e\000n\000t\000i\000\040\000p\000e\000r\000\040\000l\000a\000\040\000s\000t\000r\000u\000c\000t\000\040\000\137\000u\000s\000e\000r\000\137\000l\000i\000s\000t}{section.3}% 20
\BOOKMARK [3][-]{subsubsection.3.10.1}{\376\377\0003\000.\0001\0000\000.\0001\000\040\000D\000e\000s\000c\000r\000i\000z\000i\000o\000n\000e\000\040\000d\000e\000t\000t\000a\000g\000l\000i\000a\000t\000a}{subsection.3.10}% 21
\BOOKMARK [2][-]{subsection.3.11}{\376\377\0003\000.\0001\0001\000\040\000R\000i\000f\000e\000r\000i\000m\000e\000n\000t\000i\000\040\000p\000e\000r\000\040\000l\000a\000\040\000s\000t\000r\000u\000c\000t\000\040\000\137\000u\000s\000e\000r\000s\000d\000a\000t\000a}{section.3}% 22
\BOOKMARK [3][-]{subsubsection.3.11.1}{\376\377\0003\000.\0001\0001\000.\0001\000\040\000D\000e\000s\000c\000r\000i\000z\000i\000o\000n\000e\000\040\000d\000e\000t\000t\000a\000g\000l\000i\000a\000t\000a}{subsection.3.11}% 23
\BOOKMARK [2][-]{subsection.3.12}{\376\377\0003\000.\0001\0002\000\040\000R\000i\000f\000e\000r\000i\000m\000e\000n\000t\000i\000\040\000p\000e\000r\000\040\000l\000a\000\040\000s\000t\000r\000u\000c\000t\000\040\000c\000o\000n\000f}{section.3}% 24
\BOOKMARK [3][-]{subsubsection.3.12.1}{\376\377\0003\000.\0001\0002\000.\0001\000\040\000D\000e\000s\000c\000r\000i\000z\000i\000o\000n\000e\000\040\000d\000e\000t\000t\000a\000g\000l\000i\000a\000t\000a}{subsection.3.12}% 25
\BOOKMARK [2][-]{subsection.3.13}{\376\377\0003\000.\0001\0003\000\040\000R\000i\000f\000e\000r\000i\000m\000e\000n\000t\000i\000\040\000p\000e\000r\000\040\000l\000a\000\040\000s\000t\000r\000u\000c\000t\000\040\000d\000a\000t\000a}{section.3}% 26
\BOOKMARK [3][-]{subsubsection.3.13.1}{\376\377\0003\000.\0001\0003\000.\0001\000\040\000D\000e\000s\000c\000r\000i\000z\000i\000o\000n\000e\000\040\000d\000e\000t\000t\000a\000g\000l\000i\000a\000t\000a}{subsection.3.13}% 27
\BOOKMARK [2][-]{subsection.3.14}{\376\377\0003\000.\0001\0004\000\040\000R\000i\000f\000e\000r\000i\000m\000e\000n\000t\000i\000\040\000p\000e\000r\000\040\000l\000a\000\040\000s\000t\000r\000u\000c\000t\000\040\000h\000e\000a\000d\000e\000r}{section.3}% 28
\BOOKMARK [3][-]{subsubsection.3.14.1}{\376\377\0003\000.\0001\0004\000.\0001\000\040\000D\000e\000s\000c\000r\000i\000z\000i\000o\000n\000e\000\040\000d\000e\000t\000t\000a\000g\000l\000i\000a\000t\000a}{subsection.3.14}% 29
\BOOKMARK [2][-]{subsection.3.15}{\376\377\0003\000.\0001\0005\000\040\000R\000i\000f\000e\000r\000i\000m\000e\000n\000t\000i\000\040\000p\000e\000r\000\040\000l\000a\000\040\000s\000t\000r\000u\000c\000t\000\040\000m\000e\000s\000s\000a\000g\000e\000\137\000d\000a\000t\000a\000\137\000h\000d\000r\000\137\000t}{section.3}% 30
\BOOKMARK [2][-]{subsection.3.16}{\376\377\0003\000.\0001\0006\000\040\000R\000i\000f\000e\000r\000i\000m\000e\000n\000t\000i\000\040\000p\000e\000r\000\040\000l\000a\000\040\000s\000t\000r\000u\000c\000t\000\040\000m\000e\000s\000s\000a\000g\000e\000\137\000d\000a\000t\000a\000\137\000t}{section.3}% 31
\BOOKMARK [2][-]{subsection.3.17}{\376\377\0003\000.\0001\0007\000\040\000R\000i\000f\000e\000r\000i\000m\000e\000n\000t\000i\000\040\000p\000e\000r\000\040\000l\000a\000\040\000s\000t\000r\000u\000c\000t\000\040\000m\000e\000s\000s\000a\000g\000e\000\137\000h\000d\000r\000\137\000t}{section.3}% 32
\BOOKMARK [2][-]{subsection.3.18}{\376\377\0003\000.\0001\0008\000\040\000R\000i\000f\000e\000r\000i\000m\000e\000n\000t\000i\000\040\000p\000e\000r\000\040\000l\000a\000\040\000s\000t\000r\000u\000c\000t\000\040\000m\000e\000s\000s\000a\000g\000e\000\137\000t}{section.3}% 33
\BOOKMARK [2][-]{subsection.3.19}{\376\377\0003\000.\0001\0009\000\040\000R\000i\000f\000e\000r\000i\000m\000e\000n\000t\000i\000\040\000p\000e\000r\000\040\000l\000a\000\040\000s\000t\000r\000u\000c\000t\000\040\000m\000e\000s\000s\000a\000g\000g\000i\000o}{section.3}% 34
\BOOKMARK [3][-]{subsubsection.3.19.1}{\376\377\0003\000.\0001\0009\000.\0001\000\040\000D\000e\000s\000c\000r\000i\000z\000i\000o\000n\000e\000\040\000d\000e\000t\000t\000a\000g\000l\000i\000a\000t\000a}{subsection.3.19}% 35
\BOOKMARK [2][-]{subsection.3.20}{\376\377\0003\000.\0002\0000\000\040\000R\000i\000f\000e\000r\000i\000m\000e\000n\000t\000i\000\040\000p\000e\000r\000\040\000l\000a\000\040\000s\000t\000r\000u\000c\000t\000\040\000o\000p\000e\000r\000a\000t\000i\000o\000n\000\137\000t}{section.3}% 36
\BOOKMARK [2][-]{subsection.3.21}{\376\377\0003\000.\0002\0001\000\040\000R\000i\000f\000e\000r\000i\000m\000e\000n\000t\000i\000\040\000p\000e\000r\000\040\000l\000a\000\040\000s\000t\000r\000u\000c\000t\000\040\000s\000t\000a\000t\000i\000s\000t\000i\000c\000s}{section.3}% 37
\BOOKMARK [2][-]{subsection.3.22}{\376\377\0003\000.\0002\0002\000\040\000R\000i\000f\000e\000r\000i\000m\000e\000n\000t\000i\000\040\000p\000e\000r\000\040\000l\000a\000\040\000s\000t\000r\000u\000c\000t\000\040\000U\000T\000\137\000h\000a\000s\000h\000\137\000b\000u\000c\000k\000e\000t}{section.3}% 38
\BOOKMARK [2][-]{subsection.3.23}{\376\377\0003\000.\0002\0003\000\040\000R\000i\000f\000e\000r\000i\000m\000e\000n\000t\000i\000\040\000p\000e\000r\000\040\000l\000a\000\040\000s\000t\000r\000u\000c\000t\000\040\000U\000T\000\137\000h\000a\000s\000h\000\137\000h\000a\000n\000d\000l\000e}{section.3}% 39
\BOOKMARK [2][-]{subsection.3.24}{\376\377\0003\000.\0002\0004\000\040\000R\000i\000f\000e\000r\000i\000m\000e\000n\000t\000i\000\040\000p\000e\000r\000\040\000l\000a\000\040\000s\000t\000r\000u\000c\000t\000\040\000U\000T\000\137\000h\000a\000s\000h\000\137\000t\000a\000b\000l\000e}{section.3}% 40
\BOOKMARK [1][-]{section.4}{\376\377\0004\000\040\000D\000o\000c\000u\000m\000e\000n\000t\000a\000z\000i\000o\000n\000e\000\040\000d\000e\000i\000\040\000f\000i\000l\000e}{}% 41
\BOOKMARK [2][-]{subsection.4.1}{\376\377\0004\000.\0001\000\040\000R\000i\000f\000e\000r\000i\000m\000e\000n\000t\000i\000\040\000p\000e\000r\000\040\000i\000l\000\040\000f\000i\000l\000e\000\040\000c\000h\000a\000t\000t\000y\000.\000c}{section.4}% 42
\BOOKMARK [3][-]{subsubsection.4.1.1}{\376\377\0004\000.\0001\000.\0001\000\040\000D\000e\000s\000c\000r\000i\000z\000i\000o\000n\000e\000\040\000d\000e\000t\000t\000a\000g\000l\000i\000a\000t\000a}{subsection.4.1}% 43
\BOOKMARK [2][-]{subsection.4.2}{\376\377\0004\000.\0002\000\040\000R\000i\000f\000e\000r\000i\000m\000e\000n\000t\000i\000\040\000p\000e\000r\000\040\000i\000l\000\040\000f\000i\000l\000e\000\040\000c\000l\000i\000e\000n\000t\000.\000c}{section.4}% 44
\BOOKMARK [3][-]{subsubsection.4.2.1}{\376\377\0004\000.\0002\000.\0001\000\040\000D\000e\000s\000c\000r\000i\000z\000i\000o\000n\000e\000\040\000d\000e\000t\000t\000a\000g\000l\000i\000a\000t\000a}{subsection.4.2}% 45
\BOOKMARK [2][-]{subsection.4.3}{\376\377\0004\000.\0003\000\040\000R\000i\000f\000e\000r\000i\000m\000e\000n\000t\000i\000\040\000p\000e\000r\000\040\000i\000l\000\040\000f\000i\000l\000e\000\040\000c\000o\000n\000f\000i\000g\000.\000h}{section.4}% 46
\BOOKMARK [3][-]{subsubsection.4.3.1}{\376\377\0004\000.\0003\000.\0001\000\040\000D\000e\000s\000c\000r\000i\000z\000i\000o\000n\000e\000\040\000d\000e\000t\000t\000a\000g\000l\000i\000a\000t\000a}{subsection.4.3}% 47
\BOOKMARK [2][-]{subsection.4.4}{\376\377\0004\000.\0004\000\040\000R\000i\000f\000e\000r\000i\000m\000e\000n\000t\000i\000\040\000p\000e\000r\000\040\000i\000l\000\040\000f\000i\000l\000e\000\040\000l\000i\000s\000t\000e\000n\000e\000r\000.\000c}{section.4}% 48
\BOOKMARK [3][-]{subsubsection.4.4.1}{\376\377\0004\000.\0004\000.\0001\000\040\000D\000e\000s\000c\000r\000i\000z\000i\000o\000n\000e\000\040\000d\000e\000t\000t\000a\000g\000l\000i\000a\000t\000a}{subsection.4.4}% 49
\BOOKMARK [2][-]{subsection.4.5}{\376\377\0004\000.\0005\000\040\000R\000i\000f\000e\000r\000i\000m\000e\000n\000t\000i\000\040\000p\000e\000r\000\040\000i\000l\000\040\000f\000i\000l\000e\000\040\000m\000e\000s\000s\000a\000g\000e\000.\000h}{section.4}% 50
\BOOKMARK [3][-]{subsubsection.4.5.1}{\376\377\0004\000.\0005\000.\0001\000\040\000D\000e\000s\000c\000r\000i\000z\000i\000o\000n\000e\000\040\000d\000e\000t\000t\000a\000g\000l\000i\000a\000t\000a}{subsection.4.5}% 51
\BOOKMARK [2][-]{subsection.4.6}{\376\377\0004\000.\0006\000\040\000R\000i\000f\000e\000r\000i\000m\000e\000n\000t\000i\000\040\000p\000e\000r\000\040\000i\000l\000\040\000f\000i\000l\000e\000\040\000o\000p\000s\000.\000h}{section.4}% 52
\BOOKMARK [3][-]{subsubsection.4.6.1}{\376\377\0004\000.\0006\000.\0001\000\040\000D\000e\000s\000c\000r\000i\000z\000i\000o\000n\000e\000\040\000d\000e\000t\000t\000a\000g\000l\000i\000a\000t\000a}{subsection.4.6}% 53
\BOOKMARK [3][-]{subsubsection.4.6.2}{\376\377\0004\000.\0006\000.\0002\000\040\000D\000o\000c\000u\000m\000e\000n\000t\000a\000z\000i\000o\000n\000e\000\040\000d\000e\000i\000\040\000t\000i\000p\000i\000\040\000e\000n\000u\000m\000e\000r\000a\000t\000i}{subsection.4.6}% 54
\BOOKMARK [2][-]{subsection.4.7}{\376\377\0004\000.\0007\000\040\000R\000i\000f\000e\000r\000i\000m\000e\000n\000t\000i\000\040\000p\000e\000r\000\040\000i\000l\000\040\000f\000i\000l\000e\000\040\000p\000a\000r\000s\000e\000r\000.\000c}{section.4}% 55
\BOOKMARK [3][-]{subsubsection.4.7.1}{\376\377\0004\000.\0007\000.\0001\000\040\000D\000e\000s\000c\000r\000i\000z\000i\000o\000n\000e\000\040\000d\000e\000t\000t\000a\000g\000l\000i\000a\000t\000a}{subsection.4.7}% 56
\BOOKMARK [3][-]{subsubsection.4.7.2}{\376\377\0004\000.\0007\000.\0002\000\040\000D\000o\000c\000u\000m\000e\000n\000t\000a\000z\000i\000o\000n\000e\000\040\000d\000e\000l\000l\000e\000\040\000f\000u\000n\000z\000i\000o\000n\000i}{subsection.4.7}% 57
\BOOKMARK [2][-]{subsection.4.8}{\376\377\0004\000.\0008\000\040\000R\000i\000f\000e\000r\000i\000m\000e\000n\000t\000i\000\040\000p\000e\000r\000\040\000i\000l\000\040\000f\000i\000l\000e\000\040\000p\000a\000r\000s\000e\000r\000.\000h}{section.4}% 58
\BOOKMARK [3][-]{subsubsection.4.8.1}{\376\377\0004\000.\0008\000.\0001\000\040\000D\000e\000s\000c\000r\000i\000z\000i\000o\000n\000e\000\040\000d\000e\000t\000t\000a\000g\000l\000i\000a\000t\000a}{subsection.4.8}% 59
\BOOKMARK [3][-]{subsubsection.4.8.2}{\376\377\0004\000.\0008\000.\0002\000\040\000D\000o\000c\000u\000m\000e\000n\000t\000a\000z\000i\000o\000n\000e\000\040\000d\000e\000l\000l\000e\000\040\000d\000e\000f\000i\000n\000i\000z\000i\000o\000n\000i}{subsection.4.8}% 60
\BOOKMARK [3][-]{subsubsection.4.8.3}{\376\377\0004\000.\0008\000.\0003\000\040\000D\000o\000c\000u\000m\000e\000n\000t\000a\000z\000i\000o\000n\000e\000\040\000d\000e\000l\000l\000e\000\040\000f\000u\000n\000z\000i\000o\000n\000i}{subsection.4.8}% 61
\BOOKMARK [2][-]{subsection.4.9}{\376\377\0004\000.\0009\000\040\000R\000i\000f\000e\000r\000i\000m\000e\000n\000t\000i\000\040\000p\000e\000r\000\040\000i\000l\000\040\000f\000i\000l\000e\000\040\000s\000t\000a\000t\000s\000.\000h}{section.4}% 62
\BOOKMARK [3][-]{subsubsection.4.9.1}{\376\377\0004\000.\0009\000.\0001\000\040\000D\000e\000s\000c\000r\000i\000z\000i\000o\000n\000e\000\040\000d\000e\000t\000t\000a\000g\000l\000i\000a\000t\000a}{subsection.4.9}% 63
\BOOKMARK [2][-]{subsection.4.10}{\376\377\0004\000.\0001\0000\000\040\000R\000i\000f\000e\000r\000i\000m\000e\000n\000t\000i\000\040\000p\000e\000r\000\040\000i\000l\000\040\000f\000i\000l\000e\000\040\000t\000a\000s\000k\000.\000c}{section.4}% 64
\BOOKMARK [3][-]{subsubsection.4.10.1}{\376\377\0004\000.\0001\0000\000.\0001\000\040\000D\000e\000s\000c\000r\000i\000z\000i\000o\000n\000e\000\040\000d\000e\000t\000t\000a\000g\000l\000i\000a\000t\000a}{subsection.4.10}% 65
\BOOKMARK [3][-]{subsubsection.4.10.2}{\376\377\0004\000.\0001\0000\000.\0002\000\040\000D\000o\000c\000u\000m\000e\000n\000t\000a\000z\000i\000o\000n\000e\000\040\000d\000e\000l\000l\000e\000\040\000f\000u\000n\000z\000i\000o\000n\000i}{subsection.4.10}% 66
\BOOKMARK [2][-]{subsection.4.11}{\376\377\0004\000.\0001\0001\000\040\000R\000i\000f\000e\000r\000i\000m\000e\000n\000t\000i\000\040\000p\000e\000r\000\040\000i\000l\000\040\000f\000i\000l\000e\000\040\000t\000a\000s\000k\000.\000h}{section.4}% 67
\BOOKMARK [3][-]{subsubsection.4.11.1}{\376\377\0004\000.\0001\0001\000.\0001\000\040\000D\000e\000s\000c\000r\000i\000z\000i\000o\000n\000e\000\040\000d\000e\000t\000t\000a\000g\000l\000i\000a\000t\000a}{subsection.4.11}% 68
\BOOKMARK [3][-]{subsubsection.4.11.2}{\376\377\0004\000.\0001\0001\000.\0002\000\040\000D\000o\000c\000u\000m\000e\000n\000t\000a\000z\000i\000o\000n\000e\000\040\000d\000e\000l\000l\000e\000\040\000f\000u\000n\000z\000i\000o\000n\000i}{subsection.4.11}% 69
\BOOKMARK [2][-]{subsection.4.12}{\376\377\0004\000.\0001\0002\000\040\000R\000i\000f\000e\000r\000i\000m\000e\000n\000t\000i\000\040\000p\000e\000r\000\040\000i\000l\000\040\000f\000i\000l\000e\000\040\000t\000p\000o\000o\000l\000.\000c}{section.4}% 70
\BOOKMARK [3][-]{subsubsection.4.12.1}{\376\377\0004\000.\0001\0002\000.\0001\000\040\000D\000e\000s\000c\000r\000i\000z\000i\000o\000n\000e\000\040\000d\000e\000t\000t\000a\000g\000l\000i\000a\000t\000a}{subsection.4.12}% 71
\BOOKMARK [3][-]{subsubsection.4.12.2}{\376\377\0004\000.\0001\0002\000.\0002\000\040\000D\000o\000c\000u\000m\000e\000n\000t\000a\000z\000i\000o\000n\000e\000\040\000d\000e\000l\000l\000e\000\040\000f\000u\000n\000z\000i\000o\000n\000i}{subsection.4.12}% 72
\BOOKMARK [2][-]{subsection.4.13}{\376\377\0004\000.\0001\0003\000\040\000R\000i\000f\000e\000r\000i\000m\000e\000n\000t\000i\000\040\000p\000e\000r\000\040\000i\000l\000\040\000f\000i\000l\000e\000\040\000t\000p\000o\000o\000l\000.\000h}{section.4}% 73
\BOOKMARK [3][-]{subsubsection.4.13.1}{\376\377\0004\000.\0001\0003\000.\0001\000\040\000D\000e\000s\000c\000r\000i\000z\000i\000o\000n\000e\000\040\000d\000e\000t\000t\000a\000g\000l\000i\000a\000t\000a}{subsection.4.13}% 74
\BOOKMARK [3][-]{subsubsection.4.13.2}{\376\377\0004\000.\0001\0003\000.\0002\000\040\000D\000o\000c\000u\000m\000e\000n\000t\000a\000z\000i\000o\000n\000e\000\040\000d\000e\000l\000l\000e\000\040\000d\000e\000f\000i\000n\000i\000z\000i\000o\000n\000i}{subsection.4.13}% 75
\BOOKMARK [3][-]{subsubsection.4.13.3}{\376\377\0004\000.\0001\0003\000.\0003\000\040\000D\000o\000c\000u\000m\000e\000n\000t\000a\000z\000i\000o\000n\000e\000\040\000d\000e\000l\000l\000e\000\040\000f\000u\000n\000z\000i\000o\000n\000i}{subsection.4.13}% 76
\BOOKMARK [2][-]{subsection.4.14}{\376\377\0004\000.\0001\0004\000\040\000R\000i\000f\000e\000r\000i\000m\000e\000n\000t\000i\000\040\000p\000e\000r\000\040\000i\000l\000\040\000f\000i\000l\000e\000\040\000u\000s\000e\000r\000.\000c}{section.4}% 77
\BOOKMARK [3][-]{subsubsection.4.14.1}{\376\377\0004\000.\0001\0004\000.\0001\000\040\000D\000e\000s\000c\000r\000i\000z\000i\000o\000n\000e\000\040\000d\000e\000t\000t\000a\000g\000l\000i\000a\000t\000a}{subsection.4.14}% 78
\BOOKMARK [3][-]{subsubsection.4.14.2}{\376\377\0004\000.\0001\0004\000.\0002\000\040\000D\000o\000c\000u\000m\000e\000n\000t\000a\000z\000i\000o\000n\000e\000\040\000d\000e\000l\000l\000e\000\040\000f\000u\000n\000z\000i\000o\000n\000i}{subsection.4.14}% 79
\BOOKMARK [2][-]{subsection.4.15}{\376\377\0004\000.\0001\0005\000\040\000R\000i\000f\000e\000r\000i\000m\000e\000n\000t\000i\000\040\000p\000e\000r\000\040\000i\000l\000\040\000f\000i\000l\000e\000\040\000u\000s\000e\000r\000.\000h}{section.4}% 80
\BOOKMARK [3][-]{subsubsection.4.15.1}{\376\377\0004\000.\0001\0005\000.\0001\000\040\000D\000e\000s\000c\000r\000i\000z\000i\000o\000n\000e\000\040\000d\000e\000t\000t\000a\000g\000l\000i\000a\000t\000a}{subsection.4.15}% 81
\BOOKMARK [3][-]{subsubsection.4.15.2}{\376\377\0004\000.\0001\0005\000.\0002\000\040\000D\000o\000c\000u\000m\000e\000n\000t\000a\000z\000i\000o\000n\000e\000\040\000d\000e\000l\000l\000e\000\040\000f\000u\000n\000z\000i\000o\000n\000i}{subsection.4.15}% 82
\BOOKMARK [2][-]{subsection.4.16}{\376\377\0004\000.\0001\0006\000\040\000R\000i\000f\000e\000r\000i\000m\000e\000n\000t\000i\000\040\000p\000e\000r\000\040\000i\000l\000\040\000f\000i\000l\000e\000\040\000u\000t\000i\000l\000i\000t\000y\000.\000c}{section.4}% 83
\BOOKMARK [3][-]{subsubsection.4.16.1}{\376\377\0004\000.\0001\0006\000.\0001\000\040\000D\000e\000s\000c\000r\000i\000z\000i\000o\000n\000e\000\040\000d\000e\000t\000t\000a\000g\000l\000i\000a\000t\000a}{subsection.4.16}% 84
\BOOKMARK [3][-]{subsubsection.4.16.2}{\376\377\0004\000.\0001\0006\000.\0002\000\040\000D\000o\000c\000u\000m\000e\000n\000t\000a\000z\000i\000o\000n\000e\000\040\000d\000e\000l\000l\000e\000\040\000f\000u\000n\000z\000i\000o\000n\000i}{subsection.4.16}% 85
\BOOKMARK [2][-]{subsection.4.17}{\376\377\0004\000.\0001\0007\000\040\000R\000i\000f\000e\000r\000i\000m\000e\000n\000t\000i\000\040\000p\000e\000r\000\040\000i\000l\000\040\000f\000i\000l\000e\000\040\000u\000t\000i\000l\000i\000t\000y\000.\000h}{section.4}% 86
\BOOKMARK [3][-]{subsubsection.4.17.1}{\376\377\0004\000.\0001\0007\000.\0001\000\040\000D\000e\000s\000c\000r\000i\000z\000i\000o\000n\000e\000\040\000d\000e\000t\000t\000a\000g\000l\000i\000a\000t\000a}{subsection.4.17}% 87
\BOOKMARK [3][-]{subsubsection.4.17.2}{\376\377\0004\000.\0001\0007\000.\0002\000\040\000D\000o\000c\000u\000m\000e\000n\000t\000a\000z\000i\000o\000n\000e\000\040\000d\000e\000l\000l\000e\000\040\000f\000u\000n\000z\000i\000o\000n\000i}{subsection.4.17}% 88
\BOOKMARK [1][-]{section*.55}{\376\377\000I\000n\000d\000i\000c\000e}{}% 89
